This is XeTeX, Version 3.14159265-2.6-0.999991 (TeX Live 2019) (preloaded format=xelatex 2020.3.3)  11 SEP 2021 10:33
entering extended mode
 restricted \write18 enabled.
 %&-line parsing enabled.
**preprint.tex
(./preprint.tex
LaTeX2e <2018-12-01>
(/usr/local/texlive/2019/texmf-dist/tex/latex/base/article.cls
Document Class: article 2018/09/03 v1.4i Standard LaTeX document class
(/usr/local/texlive/2019/texmf-dist/tex/latex/base/size10.clo
File: size10.clo 2018/09/03 v1.4i Standard LaTeX file (size option)
)
\c@part=\count80
\c@section=\count81
\c@subsection=\count82
\c@subsubsection=\count83
\c@paragraph=\count84
\c@subparagraph=\count85
\c@figure=\count86
\c@table=\count87
\abovecaptionskip=\skip41
\belowcaptionskip=\skip42
\bibindent=\dimen102
) (./arxiv.sty (/usr/local/texlive/2019/texmf-dist/tex/latex/geometry/geometry.
sty
Package: geometry 2018/04/16 v5.8 Page Geometry
(/usr/local/texlive/2019/texmf-dist/tex/latex/graphics/keyval.sty
Package: keyval 2014/10/28 v1.15 key=value parser (DPC)
\KV@toks@=\toks14
) (/usr/local/texlive/2019/texmf-dist/tex/generic/oberdiek/ifpdf.sty
Package: ifpdf 2018/09/07 v3.3 Provides the ifpdf switch
) (/usr/local/texlive/2019/texmf-dist/tex/generic/oberdiek/ifvtex.sty
Package: ifvtex 2016/05/16 v1.6 Detect VTeX and its facilities (HO)
Package ifvtex Info: VTeX not detected.
) (/usr/local/texlive/2019/texmf-dist/tex/generic/ifxetex/ifxetex.sty
Package: ifxetex 2010/09/12 v0.6 Provides ifxetex conditional
)
\Gm@cnth=\count88
\Gm@cntv=\count89
\c@Gm@tempcnt=\count90
\Gm@bindingoffset=\dimen103
\Gm@wd@mp=\dimen104
\Gm@odd@mp=\dimen105
\Gm@even@mp=\dimen106
\Gm@layoutwidth=\dimen107
\Gm@layoutheight=\dimen108
\Gm@layouthoffset=\dimen109
\Gm@layoutvoffset=\dimen110
\Gm@dimlist=\toks15
) (/usr/local/texlive/2019/texmf-dist/tex/latex/fancyhdr/fancyhdr.sty
Package: fancyhdr 2019/01/31 v3.10 Extensive control of page headers and footer
s
\f@nch@headwidth=\skip43
\f@nch@O@elh=\skip44
\f@nch@O@erh=\skip45
\f@nch@O@olh=\skip46
\f@nch@O@orh=\skip47
\f@nch@O@elf=\skip48
\f@nch@O@erf=\skip49
\f@nch@O@olf=\skip50
\f@nch@O@orf=\skip51
)
\@abovecaptionskip=\skip52
\@belowcaptionskip=\skip53
) (/usr/local/texlive/2019/texmf-dist/tex/latex/base/inputenc.sty
Package: inputenc 2018/08/11 v1.3c Input encoding file
\inpenc@prehook=\toks16
\inpenc@posthook=\toks17

Package inputenc Warning: inputenc package ignored with utf8 based engines.

) (/usr/local/texlive/2019/texmf-dist/tex/latex/base/fontenc.sty
Package: fontenc 2018/08/11 v2.0j Standard LaTeX package
(/usr/local/texlive/2019/texmf-dist/tex/latex/base/t1enc.def
File: t1enc.def 2018/08/11 v2.0j Standard LaTeX file
LaTeX Font Info:    Redeclaring font encoding T1 on input line 48.
)
LaTeX Font Info:    Try loading font information for T1+lmr on input line 105.
(/usr/local/texlive/2019/texmf-dist/tex/latex/lm/t1lmr.fd
File: t1lmr.fd 2009/10/30 v1.6 Font defs for Latin Modern
)) (/usr/local/texlive/2019/texmf-dist/tex/latex/lm/lmodern.sty
Package: lmodern 2009/10/30 v1.6 Latin Modern Fonts
LaTeX Font Info:    Overwriting symbol font `operators' in version `normal'
(Font)                  OT1/cmr/m/n --> OT1/lmr/m/n on input line 22.
LaTeX Font Info:    Overwriting symbol font `letters' in version `normal'
(Font)                  OML/cmm/m/it --> OML/lmm/m/it on input line 23.
LaTeX Font Info:    Overwriting symbol font `symbols' in version `normal'
(Font)                  OMS/cmsy/m/n --> OMS/lmsy/m/n on input line 24.
LaTeX Font Info:    Overwriting symbol font `largesymbols' in version `normal'
(Font)                  OMX/cmex/m/n --> OMX/lmex/m/n on input line 25.
LaTeX Font Info:    Overwriting symbol font `operators' in version `bold'
(Font)                  OT1/cmr/bx/n --> OT1/lmr/bx/n on input line 26.
LaTeX Font Info:    Overwriting symbol font `letters' in version `bold'
(Font)                  OML/cmm/b/it --> OML/lmm/b/it on input line 27.
LaTeX Font Info:    Overwriting symbol font `symbols' in version `bold'
(Font)                  OMS/cmsy/b/n --> OMS/lmsy/b/n on input line 28.
LaTeX Font Info:    Overwriting symbol font `largesymbols' in version `bold'
(Font)                  OMX/cmex/m/n --> OMX/lmex/m/n on input line 29.
LaTeX Font Info:    Overwriting math alphabet `\mathbf' in version `normal'
(Font)                  OT1/cmr/bx/n --> OT1/lmr/bx/n on input line 31.
LaTeX Font Info:    Overwriting math alphabet `\mathsf' in version `normal'
(Font)                  OT1/cmss/m/n --> OT1/lmss/m/n on input line 32.
LaTeX Font Info:    Overwriting math alphabet `\mathit' in version `normal'
(Font)                  OT1/cmr/m/it --> OT1/lmr/m/it on input line 33.
LaTeX Font Info:    Overwriting math alphabet `\mathtt' in version `normal'
(Font)                  OT1/cmtt/m/n --> OT1/lmtt/m/n on input line 34.
LaTeX Font Info:    Overwriting math alphabet `\mathbf' in version `bold'
(Font)                  OT1/cmr/bx/n --> OT1/lmr/bx/n on input line 35.
LaTeX Font Info:    Overwriting math alphabet `\mathsf' in version `bold'
(Font)                  OT1/cmss/bx/n --> OT1/lmss/bx/n on input line 36.
LaTeX Font Info:    Overwriting math alphabet `\mathit' in version `bold'
(Font)                  OT1/cmr/bx/it --> OT1/lmr/bx/it on input line 37.
LaTeX Font Info:    Overwriting math alphabet `\mathtt' in version `bold'
(Font)                  OT1/cmtt/m/n --> OT1/lmtt/m/n on input line 38.
) (/usr/local/texlive/2019/texmf-dist/tex/latex/hyperref/hyperref.sty
Package: hyperref 2018/11/30 v6.88e Hypertext links for LaTeX
(/usr/local/texlive/2019/texmf-dist/tex/generic/oberdiek/hobsub-hyperref.sty
Package: hobsub-hyperref 2016/05/16 v1.14 Bundle oberdiek, subset hyperref (HO)

(/usr/local/texlive/2019/texmf-dist/tex/generic/oberdiek/hobsub-generic.sty
Package: hobsub-generic 2016/05/16 v1.14 Bundle oberdiek, subset generic (HO)
Package: hobsub 2016/05/16 v1.14 Construct package bundles (HO)
Package: infwarerr 2016/05/16 v1.4 Providing info/warning/error messages (HO)
Package: ltxcmds 2016/05/16 v1.23 LaTeX kernel commands for general use (HO)
Package: ifluatex 2016/05/16 v1.4 Provides the ifluatex switch (HO)
Package ifluatex Info: LuaTeX not detected.
Package hobsub Info: Skipping package `ifvtex' (already loaded).
Package: intcalc 2016/05/16 v1.2 Expandable calculations with integers (HO)
Package hobsub Info: Skipping package `ifpdf' (already loaded).
Package: etexcmds 2016/05/16 v1.6 Avoid name clashes with e-TeX commands (HO)
Package: kvsetkeys 2016/05/16 v1.17 Key value parser (HO)
Package: kvdefinekeys 2016/05/16 v1.4 Define keys (HO)
Package: pdftexcmds 2018/09/10 v0.29 Utility functions of pdfTeX for LuaTeX (HO
)
Package pdftexcmds Info: LuaTeX not detected.
Package pdftexcmds Info: pdfTeX >= 1.30 not detected.
Package pdftexcmds Info: \pdf@primitive is available.
Package pdftexcmds Info: \pdf@ifprimitive is available.
Package pdftexcmds Info: \pdfdraftmode not found.
Package: pdfescape 2016/05/16 v1.14 Implements pdfTeX's escape features (HO)
Package: bigintcalc 2016/05/16 v1.4 Expandable calculations on big integers (HO
)
Package: bitset 2016/05/16 v1.2 Handle bit-vector datatype (HO)
Package: uniquecounter 2016/05/16 v1.3 Provide unlimited unique counter (HO)
)
Package hobsub Info: Skipping package `hobsub' (already loaded).
Package: letltxmacro 2016/05/16 v1.5 Let assignment for LaTeX macros (HO)
Package: hopatch 2016/05/16 v1.3 Wrapper for package hooks (HO)
Package: xcolor-patch 2016/05/16 xcolor patch
Package: atveryend 2016/05/16 v1.9 Hooks at the very end of document (HO)
Package atveryend Info: \enddocument detected (standard20110627).
Package: atbegshi 2016/06/09 v1.18 At begin shipout hook (HO)
Package: refcount 2016/05/16 v3.5 Data extraction from label references (HO)
Package: hycolor 2016/05/16 v1.8 Color options for hyperref/bookmark (HO)
) (/usr/local/texlive/2019/texmf-dist/tex/latex/oberdiek/auxhook.sty
Package: auxhook 2016/05/16 v1.4 Hooks for auxiliary files (HO)
) (/usr/local/texlive/2019/texmf-dist/tex/latex/oberdiek/kvoptions.sty
Package: kvoptions 2016/05/16 v3.12 Key value format for package options (HO)
)
\@linkdim=\dimen111
\Hy@linkcounter=\count91
\Hy@pagecounter=\count92
(/usr/local/texlive/2019/texmf-dist/tex/latex/hyperref/pd1enc.def
File: pd1enc.def 2018/11/30 v6.88e Hyperref: PDFDocEncoding definition (HO)
)
\Hy@SavedSpaceFactor=\count93
(/usr/local/texlive/2019/texmf-dist/tex/latex/latexconfig/hyperref.cfg
File: hyperref.cfg 2002/06/06 v1.2 hyperref configuration of TeXLive
)
Package hyperref Info: Hyper figures OFF on input line 4519.
Package hyperref Info: Link nesting OFF on input line 4524.
Package hyperref Info: Hyper index ON on input line 4527.
Package hyperref Info: Plain pages OFF on input line 4534.
Package hyperref Info: Backreferencing OFF on input line 4539.
Package hyperref Info: Implicit mode ON; LaTeX internals redefined.
Package hyperref Info: Bookmarks ON on input line 4772.
\c@Hy@tempcnt=\count94
(/usr/local/texlive/2019/texmf-dist/tex/latex/url/url.sty
\Urlmuskip=\muskip10
Package: url 2013/09/16  ver 3.4  Verb mode for urls, etc.
)
LaTeX Info: Redefining \url on input line 5125.
\XeTeXLinkMargin=\dimen112
\Fld@menulength=\count95
\Field@Width=\dimen113
\Fld@charsize=\dimen114
Package hyperref Info: Hyper figures OFF on input line 6380.
Package hyperref Info: Link nesting OFF on input line 6385.
Package hyperref Info: Hyper index ON on input line 6388.
Package hyperref Info: backreferencing OFF on input line 6395.
Package hyperref Info: Link coloring OFF on input line 6400.
Package hyperref Info: Link coloring with OCG OFF on input line 6405.
Package hyperref Info: PDF/A mode OFF on input line 6410.
LaTeX Info: Redefining \ref on input line 6450.
LaTeX Info: Redefining \pageref on input line 6454.
\Hy@abspage=\count96
\c@Item=\count97
\c@Hfootnote=\count98
)
Package hyperref Info: Driver (autodetected): hxetex.
(/usr/local/texlive/2019/texmf-dist/tex/latex/hyperref/hxetex.def
File: hxetex.def 2018/11/30 v6.88e Hyperref driver for XeTeX
(/usr/local/texlive/2019/texmf-dist/tex/latex/hyperref/puenc.def
File: puenc.def 2018/11/30 v6.88e Hyperref: PDF Unicode definition (HO)
) (/usr/local/texlive/2019/texmf-dist/tex/generic/oberdiek/stringenc.sty
Package: stringenc 2016/05/16 v1.11 Convert strings between diff. encodings (HO
)
)
\pdfm@box=\box27
\c@Hy@AnnotLevel=\count99
\HyField@AnnotCount=\count100
\Fld@listcount=\count101
\c@bookmark@seq@number=\count102
(/usr/local/texlive/2019/texmf-dist/tex/latex/oberdiek/rerunfilecheck.sty
Package: rerunfilecheck 2016/05/16 v1.8 Rerun checks for auxiliary files (HO)
Package uniquecounter Info: New unique counter `rerunfilecheck' on input line 2
82.
)
\Hy@SectionHShift=\skip54
) (/usr/local/texlive/2019/texmf-dist/tex/latex/booktabs/booktabs.sty
Package: booktabs 2016/04/27 v1.618033 publication quality tables
\heavyrulewidth=\dimen115
\lightrulewidth=\dimen116
\cmidrulewidth=\dimen117
\belowrulesep=\dimen118
\belowbottomsep=\dimen119
\aboverulesep=\dimen120
\abovetopsep=\dimen121
\cmidrulesep=\dimen122
\cmidrulekern=\dimen123
\defaultaddspace=\dimen124
\@cmidla=\count103
\@cmidlb=\count104
\@aboverulesep=\dimen125
\@belowrulesep=\dimen126
\@thisruleclass=\count105
\@lastruleclass=\count106
\@thisrulewidth=\dimen127
) (/usr/local/texlive/2019/texmf-dist/tex/latex/amsfonts/amsfonts.sty
Package: amsfonts 2013/01/14 v3.01 Basic AMSFonts support
\@emptytoks=\toks18
\symAMSa=\mathgroup4
\symAMSb=\mathgroup5
LaTeX Font Info:    Overwriting math alphabet `\mathfrak' in version `bold'
(Font)                  U/euf/m/n --> U/euf/b/n on input line 106.
) (/usr/local/texlive/2019/texmf-dist/tex/latex/units/nicefrac.sty
Package: nicefrac 1998/08/04 v0.9b Nice fractions
\L@UnitsRaiseDisplaystyle=\skip55
\L@UnitsRaiseTextstyle=\skip56
\L@UnitsRaiseScriptstyle=\skip57
(/usr/local/texlive/2019/texmf-dist/tex/latex/base/ifthen.sty
Package: ifthen 2014/09/29 v1.1c Standard LaTeX ifthen package (DPC)
)) (/usr/local/texlive/2019/texmf-dist/tex/latex/microtype/microtype.sty
Package: microtype 2019/02/28 v2.7b Micro-typographical refinements (RS)
\MT@toks=\toks19
\MT@count=\count107
LaTeX Info: Redefining \textls on input line 790.
\MT@outer@kern=\dimen128
LaTeX Info: Redefining \textmicrotypecontext on input line 1336.
\MT@listname@count=\count108
(/usr/local/texlive/2019/texmf-dist/tex/latex/microtype/microtype-xetex.def
File: microtype-xetex.def 2019/02/28 v2.7b Definitions specific to xetex (RS)
LaTeX Info: Redefining \lsstyle on input line 258.
)
Package microtype Info: Loading configuration file microtype.cfg.
(/usr/local/texlive/2019/texmf-dist/tex/latex/microtype/microtype.cfg
File: microtype.cfg 2019/02/28 v2.7b microtype main configuration file (RS)
)) (/usr/local/texlive/2019/texmf-dist/tex/latex/graphics/graphicx.sty
Package: graphicx 2017/06/01 v1.1a Enhanced LaTeX Graphics (DPC,SPQR)
(/usr/local/texlive/2019/texmf-dist/tex/latex/graphics/graphics.sty
Package: graphics 2017/06/25 v1.2c Standard LaTeX Graphics (DPC,SPQR)
(/usr/local/texlive/2019/texmf-dist/tex/latex/graphics/trig.sty
Package: trig 2016/01/03 v1.10 sin cos tan (DPC)
) (/usr/local/texlive/2019/texmf-dist/tex/latex/graphics-cfg/graphics.cfg
File: graphics.cfg 2016/06/04 v1.11 sample graphics configuration
)
Package graphics Info: Driver file: xetex.def on input line 99.
(/usr/local/texlive/2019/texmf-dist/tex/latex/graphics-def/xetex.def
File: xetex.def 2017/06/24 v5.0h Graphics/color driver for xetex
))
\Gin@req@height=\dimen129
\Gin@req@width=\dimen130
) (/usr/local/texlive/2019/texmf-dist/tex/latex/tools/longtable.sty
Package: longtable 2014/10/28 v4.11 Multi-page Table package (DPC)+ FMi change
\LTleft=\skip58
\LTright=\skip59
\LTpre=\skip60
\LTpost=\skip61
\LTchunksize=\count109
\LTcapwidth=\dimen131
\LT@head=\box28
\LT@firsthead=\box29
\LT@foot=\box30
\LT@lastfoot=\box31
\LT@cols=\count110
\LT@rows=\count111
\c@LT@tables=\count112
\c@LT@chunks=\count113
\LT@p@ftn=\toks20
) (/usr/local/texlive/2019/texmf-dist/tex/latex/graphics/color.sty
Package: color 2016/07/10 v1.1e Standard LaTeX Color (DPC)
(/usr/local/texlive/2019/texmf-dist/tex/latex/graphics-cfg/color.cfg
File: color.cfg 2016/01/02 v1.6 sample color configuration
)
Package color Info: Driver file: xetex.def on input line 147.
) (/usr/local/texlive/2019/texmf-dist/tex/latex/xcolor/xcolor.sty
Package: xcolor 2016/05/11 v2.12 LaTeX color extensions (UK)
(/usr/local/texlive/2019/texmf-dist/tex/latex/graphics-cfg/color.cfg
File: color.cfg 2016/01/02 v1.6 sample color configuration
)
Package xcolor Info: Driver file: xetex.def on input line 225.
LaTeX Info: Redefining \color on input line 709.
Package xcolor Info: Model `cmy' substituted by `cmy0' on input line 1348.
Package xcolor Info: Model `RGB' extended on input line 1364.
Package xcolor Info: Model `HTML' substituted by `rgb' on input line 1366.
Package xcolor Info: Model `Hsb' substituted by `hsb' on input line 1367.
Package xcolor Info: Model `tHsb' substituted by `hsb' on input line 1368.
Package xcolor Info: Model `HSB' substituted by `hsb' on input line 1369.
Package xcolor Info: Model `Gray' substituted by `gray' on input line 1370.
Package xcolor Info: Model `wave' substituted by `hsb' on input line 1371.
) (/usr/local/texlive/2019/texmf-dist/tex/latex/fontspec/fontspec.sty (/usr/loc
al/texlive/2019/texmf-dist/tex/latex/l3packages/xparse/xparse.sty (/usr/local/t
exlive/2019/texmf-dist/tex/latex/l3kernel/expl3.sty
Package: expl3 2019-05-07 L3 programming layer (loader) 
(/usr/local/texlive/2019/texmf-dist/tex/latex/l3kernel/expl3-code.tex
Package: expl3 2019-05-07 L3 programming layer (code)
\c_max_int=\count114
\l_tmpa_int=\count115
\l_tmpb_int=\count116
\g_tmpa_int=\count117
\g_tmpb_int=\count118
\g__kernel_prg_map_int=\count119
\c__ior_term_ior=\count120
\c_log_iow=\count121
\l_iow_line_count_int=\count122
\l__iow_line_target_int=\count123
\l__iow_one_indent_int=\count124
\l__iow_indent_int=\count125
\c_zero_dim=\dimen132
\c_max_dim=\dimen133
\l_tmpa_dim=\dimen134
\l_tmpb_dim=\dimen135
\g_tmpa_dim=\dimen136
\g_tmpb_dim=\dimen137
\c_zero_skip=\skip62
\c_max_skip=\skip63
\l_tmpa_skip=\skip64
\l_tmpb_skip=\skip65
\g_tmpa_skip=\skip66
\g_tmpb_skip=\skip67
\c_zero_muskip=\muskip11
\c_max_muskip=\muskip12
\l_tmpa_muskip=\muskip13
\l_tmpb_muskip=\muskip14
\g_tmpa_muskip=\muskip15
\g_tmpb_muskip=\muskip16
\l_keys_choice_int=\count126
\l__intarray_loop_int=\count127
\c__intarray_sp_dim=\dimen138
\g__intarray_font_int=\count128
\c__fp_leading_shift_int=\count129
\c__fp_middle_shift_int=\count130
\c__fp_trailing_shift_int=\count131
\c__fp_big_leading_shift_int=\count132
\c__fp_big_middle_shift_int=\count133
\c__fp_big_trailing_shift_int=\count134
\c__fp_Bigg_leading_shift_int=\count135
\c__fp_Bigg_middle_shift_int=\count136
\c__fp_Bigg_trailing_shift_int=\count137
\g__fp_array_int=\count138
\l__fp_array_loop_int=\count139
\l__sort_length_int=\count140
\l__sort_min_int=\count141
\l__sort_top_int=\count142
\l__sort_max_int=\count143
\l__sort_true_max_int=\count144
\l__sort_block_int=\count145
\l__sort_begin_int=\count146
\l__sort_end_int=\count147
\l__sort_A_int=\count148
\l__sort_B_int=\count149
\l__sort_C_int=\count150
\l__tl_analysis_normal_int=\count151
\l__tl_analysis_index_int=\count152
\l__tl_analysis_nesting_int=\count153
\l__tl_analysis_type_int=\count154
\l__regex_internal_a_int=\count155
\l__regex_internal_b_int=\count156
\l__regex_internal_c_int=\count157
\l__regex_balance_int=\count158
\l__regex_group_level_int=\count159
\l__regex_mode_int=\count160
\c__regex_cs_in_class_mode_int=\count161
\c__regex_cs_mode_int=\count162
\l__regex_catcodes_int=\count163
\l__regex_default_catcodes_int=\count164
\c__regex_catcode_L_int=\count165
\c__regex_catcode_O_int=\count166
\c__regex_catcode_A_int=\count167
\c__regex_all_catcodes_int=\count168
\l__regex_show_lines_int=\count169
\l__regex_min_state_int=\count170
\l__regex_max_state_int=\count171
\l__regex_left_state_int=\count172
\l__regex_right_state_int=\count173
\l__regex_capturing_group_int=\count174
\l__regex_min_pos_int=\count175
\l__regex_max_pos_int=\count176
\l__regex_curr_pos_int=\count177
\l__regex_start_pos_int=\count178
\l__regex_success_pos_int=\count179
\l__regex_curr_char_int=\count180
\l__regex_curr_catcode_int=\count181
\l__regex_last_char_int=\count182
\l__regex_case_changed_char_int=\count183
\l__regex_curr_state_int=\count184
\l__regex_step_int=\count185
\l__regex_min_active_int=\count186
\l__regex_max_active_int=\count187
\l__regex_replacement_csnames_int=\count188
\l__regex_match_count_int=\count189
\l__regex_min_submatch_int=\count190
\l__regex_submatch_int=\count191
\l__regex_zeroth_submatch_int=\count192
\g__regex_trace_regex_int=\count193
\c_empty_box=\box32
\l_tmpa_box=\box33
\l_tmpb_box=\box34
\g_tmpa_box=\box35
\g_tmpb_box=\box36
\l__box_top_dim=\dimen139
\l__box_bottom_dim=\dimen140
\l__box_left_dim=\dimen141
\l__box_right_dim=\dimen142
\l__box_top_new_dim=\dimen143
\l__box_bottom_new_dim=\dimen144
\l__box_left_new_dim=\dimen145
\l__box_right_new_dim=\dimen146
\l__box_internal_box=\box37
\l__coffin_internal_box=\box38
\l__coffin_internal_dim=\dimen147
\l__coffin_offset_x_dim=\dimen148
\l__coffin_offset_y_dim=\dimen149
\l__coffin_x_dim=\dimen150
\l__coffin_y_dim=\dimen151
\l__coffin_x_prime_dim=\dimen152
\l__coffin_y_prime_dim=\dimen153
\c_empty_coffin=\box39
\l__coffin_aligned_coffin=\box40
\l__coffin_aligned_internal_coffin=\box41
\l_tmpa_coffin=\box42
\l_tmpb_coffin=\box43
\g_tmpa_coffin=\box44
\g_tmpb_coffin=\box45
\l__coffin_bounding_shift_dim=\dimen154
\l__coffin_left_corner_dim=\dimen155
\l__coffin_right_corner_dim=\dimen156
\l__coffin_bottom_corner_dim=\dimen157
\l__coffin_top_corner_dim=\dimen158
\l__coffin_scaled_total_height_dim=\dimen159
\l__coffin_scaled_width_dim=\dimen160
\c__coffin_empty_coffin=\box46
\l__coffin_display_coffin=\box47
\l__coffin_display_coord_coffin=\box48
\l__coffin_display_pole_coffin=\box49
\l__coffin_display_offset_dim=\dimen161
\l__coffin_display_x_dim=\dimen162
\l__coffin_display_y_dim=\dimen163
\g__file_internal_ior=\read1
\l__seq_internal_a_int=\count194
\l__seq_internal_b_int=\count195
\c__deprecation_minus_one=\count196
) (/usr/local/texlive/2019/texmf-dist/tex/latex/l3kernel/l3xdvipdfmx.def
File: l3xdvipdfmx.def 2019-04-06 v L3 Experimental driver: xdvipdfmx
\g__driver_image_int=\count197
\l__driver_pdf_tmp_box=\box50
\g__driver_pdf_object_int=\count198
\g__driver_pdf_annotation_int=\count199
))
Package: xparse 2019-05-03 L3 Experimental document command parser
\l__xparse_current_arg_int=\count266
\g__xparse_grabber_int=\count267
\l__xparse_m_args_int=\count268
\l__xparse_v_nesting_int=\count269
)
Package: fontspec 2019/03/15 v2.7c Font selection for XeLaTeX and LuaLaTeX
(/usr/local/texlive/2019/texmf-dist/tex/latex/fontspec/fontspec-xetex.sty
Package: fontspec-xetex 2019/03/15 v2.7c Font selection for XeLaTeX and LuaLaTe
X
\l__fontspec_script_int=\count270
\l__fontspec_language_int=\count271
\l__fontspec_strnum_int=\count272
\l__fontspec_tmp_int=\count273
\l__fontspec_tmpa_int=\count274
\l__fontspec_tmpb_int=\count275
\l__fontspec_tmpc_int=\count276
\l__fontspec_em_int=\count277
\l__fontspec_emdef_int=\count278
\l__fontspec_strong_int=\count279
\l__fontspec_strongdef_int=\count280
\l__fontspec_tmpa_dim=\dimen164
\l__fontspec_tmpb_dim=\dimen165
\l__fontspec_tmpc_dim=\dimen166
(/usr/local/texlive/2019/texmf-dist/tex/latex/base/fontenc.sty
Package: fontenc 2018/08/11 v2.0j Standard LaTeX package
(/usr/local/texlive/2019/texmf-dist/tex/latex/base/tuenc.def
File: tuenc.def 2018/08/11 v2.0j Standard LaTeX file
LaTeX Font Info:    Redeclaring font encoding TU on input line 82.
)) (/usr/local/texlive/2019/texmf-dist/tex/latex/fontspec/fontspec.cfg)
LaTeX Info: Redefining \itshape on input line 4051.
LaTeX Info: Redefining \slshape on input line 4056.
LaTeX Info: Redefining \scshape on input line 4061.
LaTeX Info: Redefining \upshape on input line 4066.
LaTeX Info: Redefining \em on input line 4096.
LaTeX Info: Redefining \emph on input line 4121.
)) (/usr/local/texlive/2019/texmf-dist/tex/latex/multirow/multirow.sty
Package: multirow 2019/01/01 v2.4 Span multiple rows of a table
\multirow@colwidth=\skip68
\multirow@cntb=\count281
\multirow@dima=\skip69
\bigstrutjot=\dimen167
) (/usr/local/texlive/2019/texmf-dist/tex/latex/tools/multicol.sty
Package: multicol 2018/12/27 v1.8v multicolumn formatting (FMi)
\c@tracingmulticols=\count282
\mult@box=\box51
\multicol@leftmargin=\dimen168
\c@unbalance=\count283
\c@collectmore=\count284
\doublecol@number=\count285
\multicoltolerance=\count286
\multicolpretolerance=\count287
\full@width=\dimen169
\page@free=\dimen170
\premulticols=\dimen171
\postmulticols=\dimen172
\multicolsep=\skip70
\multicolbaselineskip=\skip71
\partial@page=\box52
\last@line=\box53
\maxbalancingoverflow=\dimen173
\mult@rightbox=\box54
\mult@grightbox=\box55
\mult@gfirstbox=\box56
\mult@firstbox=\box57
\@tempa=\box58
\@tempa=\box59
\@tempa=\box60
\@tempa=\box61
\@tempa=\box62
\@tempa=\box63
\@tempa=\box64
\@tempa=\box65
\@tempa=\box66
\@tempa=\box67
\@tempa=\box68
\@tempa=\box69
\@tempa=\box70
\@tempa=\box71
\@tempa=\box72
\@tempa=\box73
\@tempa=\box74
\c@columnbadness=\count288
\c@finalcolumnbadness=\count289
\last@try=\dimen174
\multicolovershoot=\dimen175
\multicolundershoot=\dimen176
\mult@nat@firstbox=\box75
\colbreak@box=\box76
\mc@col@check@num=\count290
) (/usr/local/texlive/2019/texmf-dist/tex/latex/colortbl/colortbl.sty
Package: colortbl 2018/12/12 v1.0d Color table columns (DPC)
(/usr/local/texlive/2019/texmf-dist/tex/latex/tools/array.sty
Package: array 2018/12/30 v2.4k Tabular extension package (FMi)
\col@sep=\dimen177
\ar@mcellbox=\box77
\extrarowheight=\dimen178
\NC@list=\toks21
\extratabsurround=\skip72
\backup@length=\skip73
\ar@cellbox=\box78
)
\everycr=\toks22
\minrowclearance=\skip74
) (/usr/local/texlive/2019/texmf-dist/tex/latex/tools/hhline.sty
Package: hhline 2014/10/28 v2.03 Table rule package (DPC)
) (/usr/local/texlive/2019/texmf-dist/tex/latex/wrapfig/wrapfig.sty
\wrapoverhang=\dimen179
\WF@size=\dimen180
\c@WF@wrappedlines=\count291
\WF@box=\box79
\WF@everypar=\toks23
Package: wrapfig 2003/01/31  v 3.6
) (/usr/local/texlive/2019/texmf-dist/tex/latex/float/float.sty
Package: float 2001/11/08 v1.3d Float enhancements (AL)
\c@float@type=\count292
\float@exts=\toks24
\float@box=\box80
\@float@everytoks=\toks25
\@floatcapt=\box81
) (/usr/local/texlive/2019/texmf-dist/tex/latex/oberdiek/pdflscape.sty
Package: pdflscape 2016/05/14 v0.11 Display of landscape pages in PDF (HO)
(/usr/local/texlive/2019/texmf-dist/tex/latex/graphics/lscape.sty
Package: lscape 2000/10/22 v3.01 Landscape Pages (DPC)
)
Package pdflscape Info: Auto-detected driver: dvipdfm (xetex) on input line 99.

) (/usr/local/texlive/2019/texmf-dist/tex/latex/tabu/tabu.sty
Package: tabu 2019/01/11 v2.9 - flexible LaTeX tabulars (FC+tabu-fixed)
(/usr/local/texlive/2019/texmf-dist/tex/latex/varwidth/varwidth.sty
Package: varwidth 2009/03/30 ver 0.92;  Variable-width minipages
\@vwid@box=\box82
\sift@deathcycles=\count293
\@vwid@loff=\dimen181
\@vwid@roff=\dimen182
)
\c@taburow=\count294
\tabu@nbcols=\count295
\tabu@cnt=\count296
\tabu@Xcol=\count297
\tabu@alloc=\count298
\tabu@nested=\count299
\tabu@target=\dimen183
\tabu@spreadtarget=\dimen184
\tabu@naturalX=\dimen185
\tabucolX=\dimen186
\tabu@Xsum=\dimen187
\extrarowdepth=\dimen188
\abovetabulinesep=\dimen189
\belowtabulinesep=\dimen190
\tabustrutrule=\dimen191
\tabu@thebody=\toks26
\tabu@footnotes=\toks27
\tabu@box=\box83
\tabu@arstrutbox=\box84
\tabu@hleads=\box85
\tabu@vleads=\box86
\tabu@cellskip=\skip75
)
(/usr/local/texlive/2019/texmf-dist/tex/latex/threeparttable/threeparttable.sty
Package: threeparttable 2003/06/13  v 3.0
\@tempboxb=\box87
)
(/usr/local/texlive/2019/texmf-dist/tex/latex/threeparttablex/threeparttablex.s
ty
Package: threeparttablex 2013/07/23 v0.3 by daleif
(/usr/local/texlive/2019/texmf-dist/tex/latex/environ/environ.sty
Package: environ 2014/05/04 v0.3 A new way to define environments
(/usr/local/texlive/2019/texmf-dist/tex/latex/trimspaces/trimspaces.sty
Package: trimspaces 2009/09/17 v1.1 Trim spaces around a token list
)
\@envbody=\toks28
)
\TPTL@width=\skip76
) (/usr/local/texlive/2019/texmf-dist/tex/generic/ulem/ulem.sty
\UL@box=\box88
\UL@hyphenbox=\box89
\UL@skip=\skip77
\UL@hook=\toks29
\UL@height=\dimen192
\UL@pe=\count300
\UL@pixel=\dimen193
\ULC@box=\box90
Package: ulem 2012/05/18
\ULdepth=\dimen194
) (/usr/local/texlive/2019/texmf-dist/tex/latex/makecell/makecell.sty
Package: makecell 2009/08/03 V0.1e Managing of Tab Column Heads and Cells
\rotheadsize=\dimen195
\c@nlinenum=\count301
\TeXr@lab=\toks30
) (./preprint.aux)
\openout1 = `preprint.aux'.

LaTeX Font Info:    Checking defaults for OML/cmm/m/it on input line 67.
LaTeX Font Info:    ... okay on input line 67.
LaTeX Font Info:    Checking defaults for T1/cmr/m/n on input line 67.
LaTeX Font Info:    ... okay on input line 67.
LaTeX Font Info:    Checking defaults for OT1/cmr/m/n on input line 67.
LaTeX Font Info:    ... okay on input line 67.
LaTeX Font Info:    Checking defaults for OMS/cmsy/m/n on input line 67.
LaTeX Font Info:    ... okay on input line 67.
LaTeX Font Info:    Checking defaults for TU/lmr/m/n on input line 67.
LaTeX Font Info:    ... okay on input line 67.
LaTeX Font Info:    Checking defaults for OMX/cmex/m/n on input line 67.
LaTeX Font Info:    ... okay on input line 67.
LaTeX Font Info:    Checking defaults for U/cmr/m/n on input line 67.
LaTeX Font Info:    ... okay on input line 67.
LaTeX Font Info:    Checking defaults for PD1/pdf/m/n on input line 67.
LaTeX Font Info:    ... okay on input line 67.
LaTeX Font Info:    Checking defaults for PU/pdf/m/n on input line 67.
LaTeX Font Info:    ... okay on input line 67.
*geometry* driver: auto-detecting
*geometry* detected driver: xetex
*geometry* verbose mode - [ preamble ] result:
* driver: xetex
* paper: letterpaper
* layout: <same size as paper>
* layoutoffset:(h,v)=(0.0pt,0.0pt)
* modes: 
* h-part:(L,W,R)=(92.14519pt, 430.00462pt, 92.14519pt)
* v-part:(T,H,B)=(95.39737pt, 556.47656pt, 143.09605pt)
* \paperwidth=614.295pt
* \paperheight=794.96999pt
* \textwidth=430.00462pt
* \textheight=556.47656pt
* \oddsidemargin=19.8752pt
* \evensidemargin=19.8752pt
* \topmargin=-13.87262pt
* \headheight=12.0pt
* \headsep=25.0pt
* \topskip=10.0pt
* \footskip=30.0pt
* \marginparwidth=65.0pt
* \marginparsep=11.0pt
* \columnsep=10.0pt
* \skip\footins=9.0pt plus 4.0pt minus 2.0pt
* \hoffset=0.0pt
* \voffset=0.0pt
* \mag=1000
* \@twocolumnfalse
* \@twosidefalse
* \@mparswitchfalse
* \@reversemarginfalse
* (1in=72.27pt=25.4mm, 1cm=28.453pt)

*geometry* verbose mode - [ newgeometry ] result:
* driver: xetex
* paper: letterpaper
* layout: <same size as paper>
* layoutoffset:(h,v)=(0.0pt,0.0pt)
* modes: 
* h-part:(L,W,R)=(72.27pt, 469.75499pt, 72.27pt)
* v-part:(T,H,B)=(72.26999pt, 650.43pt, 72.27pt)
* \paperwidth=614.295pt
* \paperheight=794.96999pt
* \textwidth=469.75499pt
* \textheight=650.43pt
* \oddsidemargin=0.00002pt
* \evensidemargin=0.00002pt
* \topmargin=-39.0pt
* \headheight=14.0pt
* \headsep=25.0pt
* \topskip=10.0pt
* \footskip=30.0pt
* \marginparwidth=65.0pt
* \marginparsep=11.0pt
* \columnsep=10.0pt
* \skip\footins=9.0pt plus 4.0pt minus 2.0pt
* \hoffset=0.0pt
* \voffset=0.0pt
* \mag=1000
* \@twocolumnfalse
* \@twosidefalse
* \@mparswitchfalse
* \@reversemarginfalse
* (1in=72.27pt=25.4mm, 1cm=28.453pt)

\AtBeginShipoutBox=\box91
Package hyperref Info: Link coloring OFF on input line 67.
(/usr/local/texlive/2019/texmf-dist/tex/latex/hyperref/nameref.sty
Package: nameref 2016/05/21 v2.44 Cross-referencing by name of section
(/usr/local/texlive/2019/texmf-dist/tex/generic/oberdiek/gettitlestring.sty
Package: gettitlestring 2016/05/16 v1.5 Cleanup title references (HO)
)
\c@section@level=\count302
)
LaTeX Info: Redefining \ref on input line 67.
LaTeX Info: Redefining \pageref on input line 67.
LaTeX Info: Redefining \nameref on input line 67.
(./preprint.out) (./preprint.out)
\@outlinefile=\write3
\openout3 = `preprint.out'.

LaTeX Info: Redefining \microtypecontext on input line 67.
Package microtype Info: Character protrusion enabled (level 2).
Package microtype Info: Using default protrusion set `alltext'.
Package microtype Info: No adjustment of tracking.
Package microtype Info: No adjustment of spacing.
Package microtype Info: No adjustment of kerning.
(/usr/local/texlive/2019/texmf-dist/tex/latex/microtype/mt-cmr.cfg
File: mt-cmr.cfg 2013/05/19 v2.2 microtype config. file: Computer Modern Roman 
(RS)
)
Package microtype Info: Loading generic protrusion settings for font family
(microtype)             `lmr' (encoding: TU).
(microtype)             For optimal results, create family-specific settings.
(microtype)             See the microtype manual for details.
LaTeX Font Info:    Try loading font information for OT1+lmr on input line 69.
(/usr/local/texlive/2019/texmf-dist/tex/latex/lm/ot1lmr.fd
File: ot1lmr.fd 2009/10/30 v1.6 Font defs for Latin Modern
)
LaTeX Font Info:    Try loading font information for OML+lmm on input line 69.
(/usr/local/texlive/2019/texmf-dist/tex/latex/lm/omllmm.fd
File: omllmm.fd 2009/10/30 v1.6 Font defs for Latin Modern
)
LaTeX Font Info:    Try loading font information for OMS+lmsy on input line 69.

(/usr/local/texlive/2019/texmf-dist/tex/latex/lm/omslmsy.fd
File: omslmsy.fd 2009/10/30 v1.6 Font defs for Latin Modern
)
LaTeX Font Info:    Try loading font information for OMX+lmex on input line 69.

(/usr/local/texlive/2019/texmf-dist/tex/latex/lm/omxlmex.fd
File: omxlmex.fd 2009/10/30 v1.6 Font defs for Latin Modern
)
LaTeX Font Info:    External font `lmex10' loaded for size
(Font)              <10> on input line 69.
LaTeX Font Info:    External font `lmex10' loaded for size
(Font)              <7> on input line 69.
LaTeX Font Info:    External font `lmex10' loaded for size
(Font)              <5> on input line 69.
LaTeX Font Info:    Try loading font information for U+msa on input line 69.
(/usr/local/texlive/2019/texmf-dist/tex/latex/amsfonts/umsa.fd
File: umsa.fd 2013/01/14 v3.01 AMS symbols A
) (/usr/local/texlive/2019/texmf-dist/tex/latex/microtype/mt-msa.cfg
File: mt-msa.cfg 2006/02/04 v1.1 microtype config. file: AMS symbols (a) (RS)
)
LaTeX Font Info:    Try loading font information for U+msb on input line 69.
(/usr/local/texlive/2019/texmf-dist/tex/latex/amsfonts/umsb.fd
File: umsb.fd 2013/01/14 v3.01 AMS symbols B
) (/usr/local/texlive/2019/texmf-dist/tex/latex/microtype/mt-msb.cfg
File: mt-msb.cfg 2005/06/01 v1.0 microtype config. file: AMS symbols (b) (RS)
)
Package microtype Info: Loading generic protrusion settings for font family
(microtype)             `lmtt' (encoding: TU).
(microtype)             For optimal results, create family-specific settings.
(microtype)             See the microtype manual for details.
LaTeX Font Info:    External font `lmex10' loaded for size
(Font)              <9> on input line 69.
LaTeX Font Info:    External font `lmex10' loaded for size
(Font)              <6> on input line 69.

LaTeX Font Warning: Font shape `TU/lmr/bx/sc' undefined
(Font)              using `TU/lmr/bx/n' instead on input line 73.

(/usr/local/texlive/2019/texmf-dist/tex/generic/oberdiek/se-ascii-print.def
File: se-ascii-print.def 2016/05/16 v1.11 stringenc: Printable ASCII characters

) [1


]
Underfull \vbox (badness 10000) has occurred while \output is active []

[2]
Underfull \vbox (badness 5802) has occurred while \output is active []

[3] [4] [5]

Package fontspec Info: Font family 'Helvetica(0)' created for font 'Helvetica'
(fontspec)             with options [Ligatures=TeX].
(fontspec)              
(fontspec)              This font family consists of the following NFSS
(fontspec)             series/shapes:
(fontspec)              
(fontspec)             - 'normal' (m/n) with NFSS spec.:
(fontspec)             <->"Helvetica/AAT:mapping=tex-text;"
(fontspec)             - 'small caps'  (m/sc) with NFSS spec.: 
(fontspec)             - 'bold' (bx/n) with NFSS spec.:
(fontspec)             <->"Helvetica/B/AAT:mapping=tex-text;"
(fontspec)             - 'bold small caps'  (bx/sc) with NFSS spec.: 
(fontspec)             - 'italic' (m/it) with NFSS spec.:
(fontspec)             <->"Helvetica/I/AAT:mapping=tex-text;"
(fontspec)             - 'italic small caps'  (m/itsc) with NFSS spec.: 
(fontspec)             - 'bold italic' (bx/it) with NFSS spec.:
(fontspec)             <->"Helvetica/BI/AAT:mapping=tex-text;"
(fontspec)             - 'bold italic small caps'  (bx/itsc) with NFSS spec.: 

LaTeX Info: Redefining \rmfamily on input line 524.
Package microtype Info: Loading generic protrusion settings for font family
(microtype)             `Helvetica' (encoding: TU).
(microtype)             For optimal results, create family-specific settings.
(microtype)             See the microtype manual for details.

Overfull \hbox (3.6061pt too wide) in paragraph at lines 524--524
[]|[]\TU/Helvetica(0)/m/n/8 Ownership/Type[]|  
 []

LaTeX Info: Redefining \rmfamily on input line 524.
LaTeX Info: Redefining \rmfamily on input line 524.
LaTeX Font Info:    External font `lmex10' loaded for size
(Font)              <8> on input line 524.
LaTeX Info: Redefining \rmfamily on input line 524.
LaTeX Info: Redefining \rmfamily on input line 524.
LaTeX Info: Redefining \rmfamily on input line 524.
LaTeX Info: Redefining \rmfamily on input line 524.
LaTeX Info: Redefining \rmfamily on input line 524.
LaTeX Info: Redefining \rmfamily on input line 524.
LaTeX Info: Redefining \rmfamily on input line 524.
LaTeX Info: Redefining \rmfamily on input line 524.
LaTeX Info: Redefining \rmfamily on input line 532.

Overfull \hbox (3.6061pt too wide) in paragraph at lines 532--532
[]|[]\TU/Helvetica(0)/m/n/8 Ownership/Type[]|  
 []

LaTeX Info: Redefining \rmfamily on input line 532.
LaTeX Info: Redefining \rmfamily on input line 532.
LaTeX Info: Redefining \rmfamily on input line 532.
LaTeX Info: Redefining \rmfamily on input line 532.
LaTeX Info: Redefining \rmfamily on input line 532.
LaTeX Info: Redefining \rmfamily on input line 532.
LaTeX Info: Redefining \rmfamily on input line 532.
LaTeX Info: Redefining \rmfamily on input line 532.
LaTeX Info: Redefining \rmfamily on input line 532.
LaTeX Info: Redefining \rmfamily on input line 532.
LaTeX Info: Redefining \rmfamily on input line 538.
LaTeX Info: Redefining \rmfamily on input line 538.
LaTeX Info: Redefining \rmfamily on input line 544.
LaTeX Info: Redefining \rmfamily on input line 544.
LaTeX Info: Redefining \rmfamily on input line 550.
LaTeX Info: Redefining \rmfamily on input line 550.
LaTeX Info: Redefining \rmfamily on input line 556.
LaTeX Info: Redefining \rmfamily on input line 556.
LaTeX Info: Redefining \rmfamily on input line 562.
LaTeX Info: Redefining \rmfamily on input line 562.
LaTeX Info: Redefining \rmfamily on input line 568.
LaTeX Info: Redefining \rmfamily on input line 568.
LaTeX Info: Redefining \rmfamily on input line 574.
LaTeX Info: Redefining \rmfamily on input line 574.
LaTeX Info: Redefining \rmfamily on input line 580.
LaTeX Info: Redefining \rmfamily on input line 580.
LaTeX Info: Redefining \rmfamily on input line 580.
LaTeX Info: Redefining \rmfamily on input line 580.
LaTeX Info: Redefining \rmfamily on input line 580.
LaTeX Info: Redefining \rmfamily on input line 580.
LaTeX Info: Redefining \rmfamily on input line 580.
LaTeX Info: Redefining \rmfamily on input line 586.
LaTeX Info: Redefining \rmfamily on input line 586.
LaTeX Info: Redefining \rmfamily on input line 586.
LaTeX Info: Redefining \rmfamily on input line 586.
LaTeX Info: Redefining \rmfamily on input line 586.
LaTeX Info: Redefining \rmfamily on input line 586.
LaTeX Info: Redefining \rmfamily on input line 586.
LaTeX Info: Redefining \rmfamily on input line 586.
LaTeX Info: Redefining \rmfamily on input line 592.
LaTeX Info: Redefining \rmfamily on input line 592.
LaTeX Info: Redefining \rmfamily on input line 592.
LaTeX Info: Redefining \rmfamily on input line 592.
LaTeX Info: Redefining \rmfamily on input line 592.
LaTeX Info: Redefining \rmfamily on input line 592.
LaTeX Info: Redefining \rmfamily on input line 592.
LaTeX Info: Redefining \rmfamily on input line 598.
LaTeX Info: Redefining \rmfamily on input line 598.
LaTeX Info: Redefining \rmfamily on input line 598.
LaTeX Info: Redefining \rmfamily on input line 598.
LaTeX Info: Redefining \rmfamily on input line 598.
LaTeX Info: Redefining \rmfamily on input line 598.
LaTeX Info: Redefining \rmfamily on input line 598.
LaTeX Info: Redefining \rmfamily on input line 598.
LaTeX Info: Redefining \rmfamily on input line 604.
LaTeX Info: Redefining \rmfamily on input line 604.
LaTeX Info: Redefining \rmfamily on input line 604.
LaTeX Info: Redefining \rmfamily on input line 604.
LaTeX Info: Redefining \rmfamily on input line 604.
LaTeX Info: Redefining \rmfamily on input line 604.
LaTeX Info: Redefining \rmfamily on input line 604.
LaTeX Info: Redefining \rmfamily on input line 604.
LaTeX Info: Redefining \rmfamily on input line 610.
LaTeX Info: Redefining \rmfamily on input line 610.
LaTeX Info: Redefining \rmfamily on input line 610.
LaTeX Info: Redefining \rmfamily on input line 610.
LaTeX Info: Redefining \rmfamily on input line 610.
LaTeX Info: Redefining \rmfamily on input line 610.
LaTeX Info: Redefining \rmfamily on input line 610.
[6]
Overfull \hbox (194.33359pt too wide) detected at line 656
\OML/lmm/m/it/10 Risk[] \OT1/lmr/m/n/10 = \OML/lmm/m/it/10 ^^L[] \OT1/lmr/m/n/1
0 + \OML/lmm/m/it/10 ^^L[] \OMS/lmsy/m/n/10 ^^B \OML/lmm/m/it/10 Capital[] \OT1
/lmr/m/n/10 + \OML/lmm/m/it/10 ^^L[] \OMS/lmsy/m/n/10 ^^B \OML/lmm/m/it/10 Bank
[]Control[] \OT1/lmr/m/n/10 + \OML/lmm/m/it/10 ^^L[] \OMS/lmsy/m/n/10 ^^B \OML/
lmm/m/it/10 Ownership[] \OT1/lmr/m/n/10 + [] \OML/lmm/m/it/10 ^^L[] \OMS/lmsy/m
/n/10 ^^B \OML/lmm/m/it/10 Capital[] \OMS/lmsy/m/n/10 ^^B \OML/lmm/m/it/10 Owne
rship[] \OT1/lmr/m/n/10 + \OML/lmm/m/it/10 ^^L[] \OMS/lmsy/m/n/10 ^^B \OML/lmm/
m/it/10 Industry[]Specific[] \OT1/lmr/m/n/10 + \OML/lmm/m/it/10 ^^L[] \OMS/lmsy
/m/n/10 ^^B \OML/lmm/m/it/10 Macro[] \OT1/lmr/m/n/10 + \OML/lmm/m/it/10 Year[] 
\OT1/lmr/m/n/10 + \OML/lmm/m/it/10 ^^O[]
 []

LaTeX Info: Redefining \rmfamily on input line 683.
LaTeX Info: Redefining \rmfamily on input line 683.
LaTeX Info: Redefining \rmfamily on input line 683.
LaTeX Info: Redefining \rmfamily on input line 683.

Overfull \hbox (124.40498pt too wide) in alignment at lines 677--687
 [] [] [] [] 
 []

LaTeX Info: Redefining \rmfamily on input line 691.
LaTeX Info: Redefining \rmfamily on input line 691.
LaTeX Info: Redefining \rmfamily on input line 691.
LaTeX Info: Redefining \rmfamily on input line 691.

Overfull \hbox (124.40498pt too wide) in alignment at lines 687--693
 [] [] [] [] 
 []

LaTeX Info: Redefining \rmfamily on input line 697.
LaTeX Info: Redefining \rmfamily on input line 697.
LaTeX Info: Redefining \rmfamily on input line 697.
LaTeX Info: Redefining \rmfamily on input line 697.
LaTeX Info: Redefining \rmfamily on input line 703.
LaTeX Info: Redefining \rmfamily on input line 703.
LaTeX Info: Redefining \rmfamily on input line 703.
LaTeX Info: Redefining \rmfamily on input line 703.
LaTeX Info: Redefining \rmfamily on input line 709.
LaTeX Info: Redefining \rmfamily on input line 709.
LaTeX Info: Redefining \rmfamily on input line 709.
LaTeX Info: Redefining \rmfamily on input line 709.
LaTeX Info: Redefining \rmfamily on input line 715.
LaTeX Info: Redefining \rmfamily on input line 715.
LaTeX Info: Redefining \rmfamily on input line 715.
LaTeX Info: Redefining \rmfamily on input line 715.
LaTeX Info: Redefining \rmfamily on input line 721.
LaTeX Info: Redefining \rmfamily on input line 721.
LaTeX Info: Redefining \rmfamily on input line 721.
LaTeX Info: Redefining \rmfamily on input line 721.
LaTeX Info: Redefining \rmfamily on input line 727.
LaTeX Info: Redefining \rmfamily on input line 727.
LaTeX Info: Redefining \rmfamily on input line 727.
LaTeX Info: Redefining \rmfamily on input line 727.
LaTeX Info: Redefining \rmfamily on input line 733.
LaTeX Info: Redefining \rmfamily on input line 733.
LaTeX Info: Redefining \rmfamily on input line 733.
LaTeX Info: Redefining \rmfamily on input line 733.
LaTeX Info: Redefining \rmfamily on input line 739.
LaTeX Info: Redefining \rmfamily on input line 739.
LaTeX Info: Redefining \rmfamily on input line 739.
LaTeX Info: Redefining \rmfamily on input line 739.
LaTeX Info: Redefining \rmfamily on input line 745.
LaTeX Info: Redefining \rmfamily on input line 745.
LaTeX Info: Redefining \rmfamily on input line 745.
LaTeX Info: Redefining \rmfamily on input line 745.
LaTeX Info: Redefining \rmfamily on input line 751.
LaTeX Info: Redefining \rmfamily on input line 751.
LaTeX Info: Redefining \rmfamily on input line 751.
LaTeX Info: Redefining \rmfamily on input line 751.
LaTeX Info: Redefining \rmfamily on input line 757.
LaTeX Info: Redefining \rmfamily on input line 757.
LaTeX Info: Redefining \rmfamily on input line 757.
LaTeX Info: Redefining \rmfamily on input line 757.
LaTeX Info: Redefining \rmfamily on input line 763.
LaTeX Info: Redefining \rmfamily on input line 763.
LaTeX Info: Redefining \rmfamily on input line 763.
LaTeX Info: Redefining \rmfamily on input line 763.
LaTeX Info: Redefining \rmfamily on input line 769.
LaTeX Info: Redefining \rmfamily on input line 769.
LaTeX Info: Redefining \rmfamily on input line 769.
LaTeX Info: Redefining \rmfamily on input line 769.
LaTeX Info: Redefining \rmfamily on input line 775.
LaTeX Info: Redefining \rmfamily on input line 775.
LaTeX Info: Redefining \rmfamily on input line 775.
LaTeX Info: Redefining \rmfamily on input line 775.
LaTeX Info: Redefining \rmfamily on input line 781.
LaTeX Info: Redefining \rmfamily on input line 781.
LaTeX Info: Redefining \rmfamily on input line 781.
LaTeX Info: Redefining \rmfamily on input line 781.
LaTeX Info: Redefining \rmfamily on input line 787.
LaTeX Info: Redefining \rmfamily on input line 787.
LaTeX Info: Redefining \rmfamily on input line 787.
LaTeX Info: Redefining \rmfamily on input line 787.
LaTeX Info: Redefining \rmfamily on input line 793.
LaTeX Info: Redefining \rmfamily on input line 793.
LaTeX Info: Redefining \rmfamily on input line 793.
LaTeX Info: Redefining \rmfamily on input line 793.

Overfull \hbox (124.40498pt too wide) in alignment at lines 693--797
 [] [] [] [] 
 []

[7] [8] [9]
LaTeX Info: Redefining \rmfamily on input line 1023.
LaTeX Info: Redefining \rmfamily on input line 1023.
LaTeX Info: Redefining \rmfamily on input line 1023.
LaTeX Info: Redefining \rmfamily on input line 1023.
LaTeX Info: Redefining \rmfamily on input line 1023.

Overfull \hbox (272.94498pt too wide) in alignment at lines 1017--1027
 [] [] [] [] [] 
 []

LaTeX Info: Redefining \rmfamily on input line 1031.
LaTeX Info: Redefining \rmfamily on input line 1031.
LaTeX Info: Redefining \rmfamily on input line 1031.
LaTeX Info: Redefining \rmfamily on input line 1031.
LaTeX Info: Redefining \rmfamily on input line 1031.

Overfull \hbox (272.94498pt too wide) in alignment at lines 1027--1033
 [] [] [] [] [] 
 []

LaTeX Info: Redefining \rmfamily on input line 1037.
LaTeX Info: Redefining \rmfamily on input line 1037.
LaTeX Info: Redefining \rmfamily on input line 1037.
LaTeX Info: Redefining \rmfamily on input line 1037.
LaTeX Info: Redefining \rmfamily on input line 1037.
LaTeX Info: Redefining \rmfamily on input line 1043.
LaTeX Info: Redefining \rmfamily on input line 1043.
LaTeX Info: Redefining \rmfamily on input line 1043.
LaTeX Info: Redefining \rmfamily on input line 1043.
LaTeX Info: Redefining \rmfamily on input line 1043.
LaTeX Info: Redefining \rmfamily on input line 1049.
LaTeX Info: Redefining \rmfamily on input line 1049.
LaTeX Info: Redefining \rmfamily on input line 1049.
LaTeX Info: Redefining \rmfamily on input line 1049.
LaTeX Info: Redefining \rmfamily on input line 1049.
LaTeX Info: Redefining \rmfamily on input line 1055.
LaTeX Info: Redefining \rmfamily on input line 1055.
LaTeX Info: Redefining \rmfamily on input line 1055.
LaTeX Info: Redefining \rmfamily on input line 1055.
LaTeX Info: Redefining \rmfamily on input line 1055.
LaTeX Info: Redefining \rmfamily on input line 1061.
LaTeX Info: Redefining \rmfamily on input line 1061.
LaTeX Info: Redefining \rmfamily on input line 1061.
LaTeX Info: Redefining \rmfamily on input line 1061.
LaTeX Info: Redefining \rmfamily on input line 1061.
LaTeX Info: Redefining \rmfamily on input line 1067.
LaTeX Info: Redefining \rmfamily on input line 1067.
LaTeX Info: Redefining \rmfamily on input line 1067.
LaTeX Info: Redefining \rmfamily on input line 1067.
LaTeX Info: Redefining \rmfamily on input line 1067.
LaTeX Info: Redefining \rmfamily on input line 1073.
LaTeX Info: Redefining \rmfamily on input line 1073.
LaTeX Info: Redefining \rmfamily on input line 1073.
LaTeX Info: Redefining \rmfamily on input line 1073.
LaTeX Info: Redefining \rmfamily on input line 1073.
LaTeX Info: Redefining \rmfamily on input line 1079.
LaTeX Info: Redefining \rmfamily on input line 1079.
LaTeX Info: Redefining \rmfamily on input line 1079.
LaTeX Info: Redefining \rmfamily on input line 1079.
LaTeX Info: Redefining \rmfamily on input line 1079.
LaTeX Info: Redefining \rmfamily on input line 1085.
LaTeX Info: Redefining \rmfamily on input line 1085.
LaTeX Info: Redefining \rmfamily on input line 1085.
LaTeX Info: Redefining \rmfamily on input line 1085.
LaTeX Info: Redefining \rmfamily on input line 1085.
LaTeX Info: Redefining \rmfamily on input line 1091.
LaTeX Info: Redefining \rmfamily on input line 1091.
LaTeX Info: Redefining \rmfamily on input line 1091.
LaTeX Info: Redefining \rmfamily on input line 1091.
LaTeX Info: Redefining \rmfamily on input line 1091.
LaTeX Info: Redefining \rmfamily on input line 1097.
LaTeX Info: Redefining \rmfamily on input line 1097.
LaTeX Info: Redefining \rmfamily on input line 1097.
LaTeX Info: Redefining \rmfamily on input line 1097.
LaTeX Info: Redefining \rmfamily on input line 1097.

Overfull \hbox (272.94498pt too wide) in alignment at lines 1033--1101
 [] [] [] [] [] 
 []

[10]
File: preprint_files/figure-latex/correlation-1.pdf Graphic file (type pdf)
<use preprint_files/figure-latex/correlation-1.pdf>

Underfull \vbox (badness 10000) has occurred while \output is active []

[11]
Overfull \hbox (31.94301pt too wide) in paragraph at lines 1199--1199
[]\TU/lmr/m/n/7 **Characteristic**|  
 []


Overfull \hbox (11.265pt too wide) in paragraph at lines 1199--1199
[]\TU/lmr/m/n/7 Tier1_Ratio|  
 []


Overfull \hbox (8.58401pt too wide) in paragraph at lines 1199--1199
[]\TU/lmr/m/n/7 NL_to_TA|  
 []


Overfull \hbox (17.29901pt too wide) in paragraph at lines 1199--1199
[]\TU/lmr/m/n/7 Concentration|  
 []


Overfull \hbox (17.677pt too wide) in paragraph at lines 1199--1199
[]\TU/lmr/m/n/7 GDP_Growth|  
 []


Overfull \hbox (17.348pt too wide) in paragraph at lines 1199--1199
[]\TU/lmr/m/n/7 Inflation_CPI|  
 []


Overfull \hbox (11.223pt too wide) in paragraph at lines 1199--1199
[]\TU/lmr/m/n/7 Income_Div|  
 []


Overfull \hbox (15.948pt too wide) in paragraph at lines 1199--1199
[]\TU/lmr/m/n/7 TC_to_RWA|  
 []


Underfull \hbox (badness 10000) in paragraph at lines 1155--1201
[]
 []


Underfull \hbox (badness 10000) in paragraph at lines 1155--1201

 []


Underfull \vbox (badness 10000) has occurred while \output is active []

[12]
Underfull \vbox (badness 10000) has occurred while \output is active []

[13] [14]
Overfull \hbox (31.94301pt too wide) in paragraph at lines 1434--1434
[]\TU/lmr/m/n/7 **Characteristic**|  
 []


Overfull \hbox (11.265pt too wide) in paragraph at lines 1434--1434
[]\TU/lmr/m/n/7 Tier1_Ratio|  
 []


Overfull \hbox (5.07701pt too wide) in paragraph at lines 1434--1434
[]\TU/lmr/m/n/7 Ownership|  
 []


Overfull \hbox (9.48701pt too wide) in paragraph at lines 1434--1434
\TU/lmr/m/n/7 government- 
 []


Overfull \hbox (8.58401pt too wide) in paragraph at lines 1434--1434
[]\TU/lmr/m/n/7 NL_to_TA|  
 []


Overfull \hbox (17.29901pt too wide) in paragraph at lines 1434--1434
[]\TU/lmr/m/n/7 Concentration|  
 []


Overfull \hbox (17.677pt too wide) in paragraph at lines 1434--1434
[]\TU/lmr/m/n/7 GDP_Growth|  
 []


Overfull \hbox (17.348pt too wide) in paragraph at lines 1434--1434
[]\TU/lmr/m/n/7 Inflation_CPI|  
 []


Overfull \hbox (11.223pt too wide) in paragraph at lines 1434--1434
[]\TU/lmr/m/n/7 Income_Div|  
 []


Overfull \hbox (11.265pt too wide) in paragraph at lines 1434--1434
[]\TU/lmr/m/n/7 Tier1_Ratio 
 []


Overfull \hbox (11.265pt too wide) in paragraph at lines 1434--1434
[]\TU/lmr/m/n/7 Tier1_Ratio 
 []


Overfull \hbox (11.265pt too wide) in paragraph at lines 1434--1434
[]\TU/lmr/m/n/7 Tier1_Ratio 
 []


Overfull \hbox (11.265pt too wide) in paragraph at lines 1434--1434
[]\TU/lmr/m/n/7 Tier1_Ratio 
 []


Overfull \hbox (9.48701pt too wide) in paragraph at lines 1434--1434
\TU/lmr/m/n/7 government- 
 []


Overfull \hbox (11.265pt too wide) in paragraph at lines 1434--1434
[]\TU/lmr/m/n/7 Tier1_Ratio 
 []


Overfull \hbox (15.948pt too wide) in paragraph at lines 1434--1434
[]\TU/lmr/m/n/7 TC_to_RWA|  
 []


Overfull \hbox (5.07701pt too wide) in paragraph at lines 1434--1434
[]\TU/lmr/m/n/7 Ownership 
 []


Overfull \hbox (11.265pt too wide) in paragraph at lines 1434--1434
\TU/lmr/m/n/7 Tier1_Ratio|  
 []


Overfull \hbox (11.265pt too wide) in paragraph at lines 1434--1434
\TU/lmr/m/n/7 Tier1_Ratio|  
 []


Overfull \hbox (11.265pt too wide) in paragraph at lines 1434--1434
\TU/lmr/m/n/7 Tier1_Ratio|  
 []


Overfull \hbox (11.265pt too wide) in paragraph at lines 1434--1434
\TU/lmr/m/n/7 Tier1_Ratio|  
 []


Overfull \hbox (9.48701pt too wide) in paragraph at lines 1434--1434
\TU/lmr/m/n/7 government- 
 []


Overfull \hbox (11.265pt too wide) in paragraph at lines 1434--1434
\TU/lmr/m/n/7 Tier1_Ratio|  
 []


Overfull \hbox (11.265pt too wide) in paragraph at lines 1434--1434
\TU/lmr/m/n/7 Tier1_Ratio|  
 []


Underfull \hbox (badness 10000) in paragraph at lines 1356--1436
[]
 []


Underfull \hbox (badness 10000) in paragraph at lines 1356--1436

 []


Underfull \vbox (badness 10000) has occurred while \output is active []

[15]
Underfull \vbox (badness 10000) has occurred while \output is active []

[16]
Overfull \vbox (283.38794pt too high) has occurred while \output is active []

[17] [18] [19]
Underfull \vbox (badness 10000) has occurred while \output is active []

[20]
Underfull \vbox (badness 10000) has occurred while \output is active []

[21]
No file preprint.bbl.
Package atveryend Info: Empty hook `BeforeClearDocument' on input line 1903.
[22]
Package atveryend Info: Empty hook `AfterLastShipout' on input line 1903.
(./preprint.aux)
Package atveryend Info: Empty hook `AtVeryEndDocument' on input line 1903.
Package atveryend Info: Executing hook `AtEndAfterFileList' on input line 1903.

Package rerunfilecheck Info: File `preprint.out' has not changed.
(rerunfilecheck)             Checksum: FFC2EB59AEEA5C9EDF07F8D8DD27968A.

LaTeX Font Warning: Some font shapes were not available, defaults substituted.

Package atveryend Info: Empty hook `AtVeryVeryEnd' on input line 1903.
 ) 
Here is how much of TeX's memory you used:
 23902 strings out of 492916
 449340 string characters out of 6133346
 622555 words of memory out of 5000000
 27676 multiletter control sequences out of 15000+600000
 560362 words of font info for 93 fonts, out of 8000000 for 9000
 1348 hyphenation exceptions out of 8191
 42i,13n,73p,2058b,454s stack positions out of 5000i,500n,10000p,200000b,80000s

Output written on preprint.pdf (22 pages).
